<?xml version="1.0" encoding="UTF-8"?>
<!-- Generated by org.testng.reporters.JUnitReportReporter -->
<testsuite skipped="0" hostname="Vamsi-PC" name="Automation.Automation.AppTest" tests="6" failures="0" timestamp="23 Jun 2019 16:38:20 GMT" time="61.915" errors="0">
  <testcase name="sampleTestGmail" time="13.304" classname="Automation.Automation.AppTest"/>
  <testcase name="sampleTestGmail" time="7.893" classname="Automation.Automation.AppTest"/>
  <testcase name="sampleTestGoogle" time="9.863" classname="Automation.Automation.AppTest"/>
  <testcase name="sampleTestFB" time="14.569" classname="Automation.Automation.AppTest"/>
  <testcase name="sampleTestGoogle" time="6.725" classname="Automation.Automation.AppTest"/>
  <testcase name="sampleTestFB" time="9.561" classname="Automation.Automation.AppTest"/>
</testsuite> <!-- Automation.Automation.AppTest -->
